<?xml version="1.0" encoding="UTF-8"?>
<!-- Generated by org.testng.reporters.JUnitReportReporter -->
<testsuite hostname="Lenovo-PC" name="TestNGSelenium" tests="1" failures="0" timestamp="2 Apr 2019 05:16:35 GMT" time="0.577" errors="0">
  <testcase name="openFBPage" time="0.577" classname="TestNGSelenium"/>
</testsuite> <!-- TestNGSelenium -->
