<?xml version="1.0" encoding="UTF-8"?>
<!-- Generated by org.testng.reporters.JUnitReportReporter -->
<testsuite hostname="Lenovo-PC" name="TestNGSelenium" tests="1" failures="0" timestamp="2 Apr 2019 03:08:47 GMT" time="3.316" errors="0">
  <testcase name="openFBPage" time="3.316" classname="TestNGSelenium"/>
</testsuite> <!-- TestNGSelenium -->
